{"meta": {"format": 3, "version": "7.10.6", "timestamp": "2025-10-02T21:48:57.051077", "branch_coverage": false, "show_contexts": false}, "files": {"measurekit\\domain\\measurement\\api.py": {"executed_lines": [], "summary": {"covered_lines": 0, "num_statements": 43, "percent_covered": 0.0, "percent_covered_display": "0", "missing_lines": 43, "excluded_lines": 2}, "missing_lines": [9, 11, 13, 14, 15, 21, 24, 26, 37, 38, 40, 41, 48, 55, 58, 59, 64, 65, 67, 74, 76, 79, 82, 84, 86, 87, 89, 90, 97, 104, 107, 108, 109, 110, 112, 119, 123, 126, 131, 132, 133, 134, 135], "excluded_lines": [17, 18], "functions": {"SpecializedQuantityFactory.__init__": {"executed_lines": [], "summary": {"covered_lines": 0, "num_statements": 2, "percent_covered": 0.0, "percent_covered_display": "0", "missing_lines": 2, "excluded_lines": 0}, "missing_lines": [37, 38], "excluded_lines": []}, "SpecializedQuantityFactory.__call__": {"executed_lines": [], "summary": {"covered_lines": 0, "num_statements": 6, "percent_covered": 0.0, "percent_covered_display": "0", "missing_lines": 6, "excluded_lines": 0}, "missing_lines": [55, 58, 59, 64, 65, 67], "excluded_lines": []}, "SpecializedQuantityFactory.__repr__": {"executed_lines": [], "summary": {"covered_lines": 0, "num_statements": 1, "percent_covered": 0.0, "percent_covered_display": "0", "missing_lines": 1, "excluded_lines": 0}, "missing_lines": [76], "excluded_lines": []}, "QuantityFactory.__init__": {"executed_lines": [], "summary": {"covered_lines": 0, "num_statements": 2, "percent_covered": 0.0, "percent_covered_display": "0", "missing_lines": 2, "excluded_lines": 0}, "missing_lines": [86, 87], "excluded_lines": []}, "QuantityFactory.__call__": {"executed_lines": [], "summary": {"covered_lines": 0, "num_statements": 6, "percent_covered": 0.0, "percent_covered_display": "0", "missing_lines": 6, "excluded_lines": 0}, "missing_lines": [104, 107, 108, 109, 110, 112], "excluded_lines": []}, "QuantityFactory.__getitem__": {"executed_lines": [], "summary": {"covered_lines": 0, "num_statements": 7, "percent_covered": 0.0, "percent_covered_display": "0", "missing_lines": 7, "excluded_lines": 0}, "missing_lines": [123, 126, 131, 132, 133, 134, 135], "excluded_lines": []}, "": {"executed_lines": [], "summary": {"covered_lines": 0, "num_statements": 19, "percent_covered": 0.0, "percent_covered_display": "0", "missing_lines": 19, "excluded_lines": 2}, "missing_lines": [9, 11, 13, 14, 15, 21, 24, 26, 40, 41, 48, 74, 79, 82, 84, 89, 90, 97, 119], "excluded_lines": [17, 18]}}, "classes": {"SpecializedQuantityFactory": {"executed_lines": [], "summary": {"covered_lines": 0, "num_statements": 9, "percent_covered": 0.0, "percent_covered_display": "0", "missing_lines": 9, "excluded_lines": 0}, "missing_lines": [37, 38, 55, 58, 59, 64, 65, 67, 76], "excluded_lines": []}, "QuantityFactory": {"executed_lines": [], "summary": {"covered_lines": 0, "num_statements": 15, "percent_covered": 0.0, "percent_covered_display": "0", "missing_lines": 15, "excluded_lines": 0}, "missing_lines": [86, 87, 104, 107, 108, 109, 110, 112, 123, 126, 131, 132, 133, 134, 135], "excluded_lines": []}, "": {"executed_lines": [], "summary": {"covered_lines": 0, "num_statements": 19, "percent_covered": 0.0, "percent_covered_display": "0", "missing_lines": 19, "excluded_lines": 2}, "missing_lines": [9, 11, 13, 14, 15, 21, 24, 26, 40, 41, 48, 74, 79, 82, 84, 89, 90, 97, 119], "excluded_lines": [17, 18]}}}, "measurekit\\domain\\measurement\\conversions.py": {"executed_lines": [], "summary": {"covered_lines": 0, "num_statements": 34, "percent_covered": 0.0, "percent_covered_display": "0", "missing_lines": 34, "excluded_lines": 3}, "missing_lines": [10, 12, 19, 26, 27, 28, 29, 30, 31, 32, 34, 44, 45, 47, 48, 49, 50, 51, 52, 53, 55, 56, 57, 59, 69, 70, 71, 72, 73, 74, 76, 78, 83, 85], "excluded_lines": [14, 15, 16], "functions": {"UnitDefinition.__new__": {"executed_lines": [], "summary": {"covered_lines": 0, "num_statements": 12, "percent_covered": 0.0, "percent_covered_display": "0", "missing_lines": 12, "excluded_lines": 0}, "missing_lines": [44, 45, 47, 48, 49, 50, 51, 52, 53, 55, 56, 57], "excluded_lines": []}, "UnitDefinition.__init__": {"executed_lines": [], "summary": {"covered_lines": 0, "num_statements": 6, "percent_covered": 0.0, "percent_covered_display": "0", "missing_lines": 6, "excluded_lines": 0}, "missing_lines": [69, 70, 71, 72, 73, 74], "excluded_lines": []}, "UnitDefinition.__str__": {"executed_lines": [], "summary": {"covered_lines": 0, "num_statements": 1, "percent_covered": 0.0, "percent_covered_display": "0", "missing_lines": 1, "excluded_lines": 0}, "missing_lines": [78], "excluded_lines": []}, "UnitDefinition.__repr__": {"executed_lines": [], "summary": {"covered_lines": 0, "num_statements": 1, "percent_covered": 0.0, "percent_covered_display": "0", "missing_lines": 1, "excluded_lines": 0}, "missing_lines": [85], "excluded_lines": []}, "": {"executed_lines": [], "summary": {"covered_lines": 0, "num_statements": 14, "percent_covered": 0.0, "percent_covered_display": "0", "missing_lines": 14, "excluded_lines": 3}, "missing_lines": [10, 12, 19, 26, 27, 28, 29, 30, 31, 32, 34, 59, 76, 83], "excluded_lines": [14, 15, 16]}}, "classes": {"UnitDefinition": {"executed_lines": [], "summary": {"covered_lines": 0, "num_statements": 20, "percent_covered": 0.0, "percent_covered_display": "0", "missing_lines": 20, "excluded_lines": 0}, "missing_lines": [44, 45, 47, 48, 49, 50, 51, 52, 53, 55, 56, 57, 69, 70, 71, 72, 73, 74, 78, 85], "excluded_lines": []}, "": {"executed_lines": [], "summary": {"covered_lines": 0, "num_statements": 14, "percent_covered": 0.0, "percent_covered_display": "0", "missing_lines": 14, "excluded_lines": 3}, "missing_lines": [10, 12, 19, 26, 27, 28, 29, 30, 31, 32, 34, 59, 76, 83], "excluded_lines": [14, 15, 16]}}}, "measurekit\\domain\\measurement\\dimensions.py": {"executed_lines": [], "summary": {"covered_lines": 0, "num_statements": 72, "percent_covered": 0.0, "percent_covered_display": "0", "missing_lines": 72, "excluded_lines": 0}, "missing_lines": [10, 12, 13, 15, 16, 17, 20, 21, 23, 25, 26, 29, 31, 34, 36, 39, 49, 52, 53, 80, 81, 83, 88, 90, 91, 92, 93, 95, 98, 99, 101, 102, 103, 104, 105, 107, 108, 111, 115, 118, 120, 121, 123, 125, 127, 128, 130, 132, 133, 135, 137, 139, 141, 143, 144, 145, 149, 154, 156, 158, 159, 168, 170, 171, 181, 183, 185, 186, 189, 198, 199, 202], "excluded_lines": [], "functions": {"block_prefixes_for_dimension_symbol": {"executed_lines": [], "summary": {"covered_lines": 0, "num_statements": 1, "percent_covered": 0.0, "percent_covered_display": "0", "missing_lines": 1, "excluded_lines": 0}, "missing_lines": [31], "excluded_lines": []}, "prefixes_allowed_for_dimension_symbol": {"executed_lines": [], "summary": {"covered_lines": 0, "num_statements": 1, "percent_covered": 0.0, "percent_covered_display": "0", "missing_lines": 1, "excluded_lines": 0}, "missing_lines": [36], "excluded_lines": []}, "register_dimension": {"executed_lines": [], "summary": {"covered_lines": 0, "num_statements": 1, "percent_covered": 0.0, "percent_covered_display": "0", "missing_lines": 1, "excluded_lines": 0}, "missing_lines": [49], "excluded_lines": []}, "Dimension.__new__": {"executed_lines": [], "summary": {"covered_lines": 0, "num_statements": 19, "percent_covered": 0.0, "percent_covered_display": "0", "missing_lines": 19, "excluded_lines": 0}, "missing_lines": [90, 91, 92, 93, 95, 98, 99, 101, 102, 103, 104, 105, 107, 108, 111, 115, 118, 120, 121], "excluded_lines": []}, "Dimension.__hash__": {"executed_lines": [], "summary": {"covered_lines": 0, "num_statements": 1, "percent_covered": 0.0, "percent_covered_display": "0", "missing_lines": 1, "excluded_lines": 0}, "missing_lines": [125], "excluded_lines": []}, "Dimension.analytical_representation": {"executed_lines": [], "summary": {"covered_lines": 0, "num_statements": 1, "percent_covered": 0.0, "percent_covered_display": "0", "missing_lines": 1, "excluded_lines": 0}, "missing_lines": [130], "excluded_lines": []}, "Dimension.name": {"executed_lines": [], "summary": {"covered_lines": 0, "num_statements": 1, "percent_covered": 0.0, "percent_covered_display": "0", "missing_lines": 1, "excluded_lines": 0}, "missing_lines": [135], "excluded_lines": []}, "Dimension.__str__": {"executed_lines": [], "summary": {"covered_lines": 0, "num_statements": 1, "percent_covered": 0.0, "percent_covered_display": "0", "missing_lines": 1, "excluded_lines": 0}, "missing_lines": [139], "excluded_lines": []}, "Dimension.__repr__": {"executed_lines": [], "summary": {"covered_lines": 0, "num_statements": 4, "percent_covered": 0.0, "percent_covered_display": "0", "missing_lines": 4, "excluded_lines": 0}, "missing_lines": [143, 144, 145, 149], "excluded_lines": []}, "Dimension.is_dimensionless": {"executed_lines": [], "summary": {"covered_lines": 0, "num_statements": 1, "percent_covered": 0.0, "percent_covered_display": "0", "missing_lines": 1, "excluded_lines": 0}, "missing_lines": [156], "excluded_lines": []}, "Dimension.set_base_dimensions": {"executed_lines": [], "summary": {"covered_lines": 0, "num_statements": 1, "percent_covered": 0.0, "percent_covered_display": "0", "missing_lines": 1, "excluded_lines": 0}, "missing_lines": [168], "excluded_lines": []}, "Dimension.from_string": {"executed_lines": [], "summary": {"covered_lines": 0, "num_statements": 4, "percent_covered": 0.0, "percent_covered_display": "0", "missing_lines": 4, "excluded_lines": 0}, "missing_lines": [181, 183, 185, 186], "excluded_lines": []}, "get_dimension": {"executed_lines": [], "summary": {"covered_lines": 0, "num_statements": 3, "percent_covered": 0.0, "percent_covered_display": "0", "missing_lines": 3, "excluded_lines": 0}, "missing_lines": [198, 199, 202], "excluded_lines": []}, "": {"executed_lines": [], "summary": {"covered_lines": 0, "num_statements": 33, "percent_covered": 0.0, "percent_covered_display": "0", "missing_lines": 33, "excluded_lines": 0}, "missing_lines": [10, 12, 13, 15, 16, 17, 20, 21, 23, 25, 26, 29, 34, 39, 52, 53, 80, 81, 83, 88, 123, 127, 128, 132, 133, 137, 141, 154, 158, 159, 170, 171, 189], "excluded_lines": []}}, "classes": {"Dimension": {"executed_lines": [], "summary": {"covered_lines": 0, "num_statements": 33, "percent_covered": 0.0, "percent_covered_display": "0", "missing_lines": 33, "excluded_lines": 0}, "missing_lines": [90, 91, 92, 93, 95, 98, 99, 101, 102, 103, 104, 105, 107, 108, 111, 115, 118, 120, 121, 125, 130, 135, 139, 143, 144, 145, 149, 156, 168, 181, 183, 185, 186], "excluded_lines": []}, "": {"executed_lines": [], "summary": {"covered_lines": 0, "num_statements": 39, "percent_covered": 0.0, "percent_covered_display": "0", "missing_lines": 39, "excluded_lines": 0}, "missing_lines": [10, 12, 13, 15, 16, 17, 20, 21, 23, 25, 26, 29, 31, 34, 36, 39, 49, 52, 53, 80, 81, 83, 88, 123, 127, 128, 132, 133, 137, 141, 154, 158, 159, 170, 171, 189, 198, 199, 202], "excluded_lines": []}}}, "measurekit\\domain\\measurement\\ports\\unit_repository.py": {"executed_lines": [], "summary": {"covered_lines": 0, "num_statements": 7, "percent_covered": 0.0, "percent_covered_display": "0", "missing_lines": 7, "excluded_lines": 0}, "missing_lines": [9, 10, 12, 15, 18, 19, 21], "excluded_lines": [], "functions": {"IUnitRepository.get_definition": {"executed_lines": [], "summary": {"covered_lines": 0, "num_statements": 1, "percent_covered": 0.0, "percent_covered_display": "0", "missing_lines": 1, "excluded_lines": 0}, "missing_lines": [21], "excluded_lines": []}, "": {"executed_lines": [], "summary": {"covered_lines": 0, "num_statements": 6, "percent_covered": 0.0, "percent_covered_display": "0", "missing_lines": 6, "excluded_lines": 0}, "missing_lines": [9, 10, 12, 15, 18, 19], "excluded_lines": []}}, "classes": {"IUnitRepository": {"executed_lines": [], "summary": {"covered_lines": 0, "num_statements": 1, "percent_covered": 0.0, "percent_covered_display": "0", "missing_lines": 1, "excluded_lines": 0}, "missing_lines": [21], "excluded_lines": []}, "": {"executed_lines": [], "summary": {"covered_lines": 0, "num_statements": 6, "percent_covered": 0.0, "percent_covered_display": "0", "missing_lines": 6, "excluded_lines": 0}, "missing_lines": [9, 10, 12, 15, 18, 19], "excluded_lines": []}}}, "measurekit\\domain\\measurement\\quantity.py": {"executed_lines": [], "summary": {"covered_lines": 0, "num_statements": 282, "percent_covered": 0.0, "percent_covered_display": "0", "missing_lines": 282, "excluded_lines": 2}, "missing_lines": [11, 13, 14, 15, 16, 28, 29, 30, 32, 33, 34, 35, 36, 42, 43, 44, 45, 46, 47, 48, 49, 50, 51, 52, 55, 56, 59, 60, 61, 64, 65, 66, 68, 70, 72, 73, 75, 76, 77, 85, 86, 87, 95, 96, 97, 105, 106, 114, 116, 118, 119, 120, 125, 126, 127, 128, 136, 137, 139, 141, 145, 146, 147, 148, 149, 150, 151, 152, 157, 159, 160, 161, 162, 163, 164, 165, 168, 175, 177, 178, 179, 180, 181, 182, 183, 186, 193, 195, 196, 197, 198, 204, 205, 206, 207, 213, 219, 220, 221, 227, 229, 231, 232, 233, 234, 240, 241, 242, 243, 249, 255, 256, 257, 263, 265, 267, 268, 269, 270, 273, 277, 278, 280, 282, 283, 286, 287, 288, 289, 292, 299, 301, 311, 313, 315, 317, 327, 329, 332, 342, 345, 346, 347, 348, 349, 352, 353, 357, 358, 359, 365, 366, 367, 372, 373, 379, 380, 383, 384, 387, 390, 391, 392, 393, 394, 396, 397, 398, 404, 410, 411, 412, 413, 416, 419, 423, 424, 425, 426, 427, 434, 438, 439, 440, 441, 442, 446, 448, 449, 450, 454, 456, 457, 460, 461, 466, 473, 475, 480, 488, 490, 491, 492, 493, 494, 495, 499, 501, 502, 503, 504, 505, 506, 508, 510, 511, 512, 513, 514, 515, 517, 519, 520, 521, 522, 523, 524, 526, 528, 529, 530, 531, 532, 533, 536, 538, 539, 540, 542, 547, 548, 550, 553, 554, 557, 564, 566, 567, 569, 571, 572, 573, 577, 578, 579, 580, 582, 583, 584, 585, 587, 588, 590, 592, 593, 594, 595, 596, 597, 599, 601, 602, 603, 604, 608, 609, 614, 619, 621, 623, 625, 631], "excluded_lines": [38, 39], "functions": {"Quantity.__post_init__": {"executed_lines": [], "summary": {"covered_lines": 0, "num_statements": 2, "percent_covered": 0.0, "percent_covered_display": "0", "missing_lines": 2, "excluded_lines": 0}, "missing_lines": [72, 73], "excluded_lines": []}, "Quantity.from_input": {"executed_lines": [], "summary": {"covered_lines": 0, "num_statements": 9, "percent_covered": 0.0, "percent_covered_display": "0", "missing_lines": 9, "excluded_lines": 0}, "missing_lines": [114, 116, 118, 119, 120, 125, 126, 127, 128], "excluded_lines": []}, "Quantity.uncertainty": {"executed_lines": [], "summary": {"covered_lines": 0, "num_statements": 1, "percent_covered": 0.0, "percent_covered_display": "0", "missing_lines": 1, "excluded_lines": 0}, "missing_lines": [139], "excluded_lines": []}, "Quantity.to": {"executed_lines": [], "summary": {"covered_lines": 0, "num_statements": 8, "percent_covered": 0.0, "percent_covered_display": "0", "missing_lines": 8, "excluded_lines": 0}, "missing_lines": [145, 146, 147, 148, 149, 150, 151, 152], "excluded_lines": []}, "Quantity.__add__": {"executed_lines": [], "summary": {"covered_lines": 0, "num_statements": 8, "percent_covered": 0.0, "percent_covered_display": "0", "missing_lines": 8, "excluded_lines": 0}, "missing_lines": [159, 160, 161, 162, 163, 164, 165, 168], "excluded_lines": []}, "Quantity.__sub__": {"executed_lines": [], "summary": {"covered_lines": 0, "num_statements": 8, "percent_covered": 0.0, "percent_covered_display": "0", "missing_lines": 8, "excluded_lines": 0}, "missing_lines": [177, 178, 179, 180, 181, 182, 183, 186], "excluded_lines": []}, "Quantity.__mul__": {"executed_lines": [], "summary": {"covered_lines": 0, "num_statements": 13, "percent_covered": 0.0, "percent_covered_display": "0", "missing_lines": 13, "excluded_lines": 0}, "missing_lines": [195, 196, 197, 198, 204, 205, 206, 207, 213, 219, 220, 221, 227], "excluded_lines": []}, "Quantity.__truediv__": {"executed_lines": [], "summary": {"covered_lines": 0, "num_statements": 13, "percent_covered": 0.0, "percent_covered_display": "0", "missing_lines": 13, "excluded_lines": 0}, "missing_lines": [231, 232, 233, 234, 240, 241, 242, 243, 249, 255, 256, 257, 263], "excluded_lines": []}, "Quantity.__pow__": {"executed_lines": [], "summary": {"covered_lines": 0, "num_statements": 5, "percent_covered": 0.0, "percent_covered_display": "0", "missing_lines": 5, "excluded_lines": 0}, "missing_lines": [267, 268, 269, 270, 273], "excluded_lines": []}, "Quantity.__rtruediv__": {"executed_lines": [], "summary": {"covered_lines": 0, "num_statements": 7, "percent_covered": 0.0, "percent_covered_display": "0", "missing_lines": 7, "excluded_lines": 0}, "missing_lines": [282, 283, 286, 287, 288, 289, 292], "excluded_lines": []}, "Quantity.__neg__": {"executed_lines": [], "summary": {"covered_lines": 0, "num_statements": 1, "percent_covered": 0.0, "percent_covered_display": "0", "missing_lines": 1, "excluded_lines": 0}, "missing_lines": [301], "excluded_lines": []}, "Quantity.__pos__": {"executed_lines": [], "summary": {"covered_lines": 0, "num_statements": 1, "percent_covered": 0.0, "percent_covered_display": "0", "missing_lines": 1, "excluded_lines": 0}, "missing_lines": [313], "excluded_lines": []}, "Quantity.__abs__": {"executed_lines": [], "summary": {"covered_lines": 0, "num_statements": 1, "percent_covered": 0.0, "percent_covered_display": "0", "missing_lines": 1, "excluded_lines": 0}, "missing_lines": [317], "excluded_lines": []}, "Quantity.__float__": {"executed_lines": [], "summary": {"covered_lines": 0, "num_statements": 1, "percent_covered": 0.0, "percent_covered_display": "0", "missing_lines": 1, "excluded_lines": 0}, "missing_lines": [329], "excluded_lines": []}, "Quantity.__array_ufunc__": {"executed_lines": [], "summary": {"covered_lines": 0, "num_statements": 35, "percent_covered": 0.0, "percent_covered_display": "0", "missing_lines": 35, "excluded_lines": 0}, "missing_lines": [342, 345, 346, 347, 348, 349, 352, 353, 357, 358, 359, 365, 366, 367, 372, 373, 379, 380, 383, 384, 387, 390, 391, 392, 393, 394, 396, 397, 398, 404, 410, 411, 412, 413, 416], "excluded_lines": []}, "Quantity.dot": {"executed_lines": [], "summary": {"covered_lines": 0, "num_statements": 5, "percent_covered": 0.0, "percent_covered_display": "0", "missing_lines": 5, "excluded_lines": 0}, "missing_lines": [423, 424, 425, 426, 427], "excluded_lines": []}, "Quantity.cross": {"executed_lines": [], "summary": {"covered_lines": 0, "num_statements": 5, "percent_covered": 0.0, "percent_covered_display": "0", "missing_lines": 5, "excluded_lines": 0}, "missing_lines": [438, 439, 440, 441, 442], "excluded_lines": []}, "Quantity.__len__": {"executed_lines": [], "summary": {"covered_lines": 0, "num_statements": 3, "percent_covered": 0.0, "percent_covered_display": "0", "missing_lines": 3, "excluded_lines": 0}, "missing_lines": [448, 449, 450], "excluded_lines": []}, "Quantity.__getitem__": {"executed_lines": [], "summary": {"covered_lines": 0, "num_statements": 5, "percent_covered": 0.0, "percent_covered_display": "0", "missing_lines": 5, "excluded_lines": 0}, "missing_lines": [456, 457, 460, 461, 466], "excluded_lines": []}, "Quantity.__round__": {"executed_lines": [], "summary": {"covered_lines": 0, "num_statements": 2, "percent_covered": 0.0, "percent_covered_display": "0", "missing_lines": 2, "excluded_lines": 0}, "missing_lines": [475, 480], "excluded_lines": []}, "Quantity.__eq__": {"executed_lines": [], "summary": {"covered_lines": 0, "num_statements": 6, "percent_covered": 0.0, "percent_covered_display": "0", "missing_lines": 6, "excluded_lines": 0}, "missing_lines": [490, 491, 492, 493, 494, 495], "excluded_lines": []}, "Quantity.__lt__": {"executed_lines": [], "summary": {"covered_lines": 0, "num_statements": 6, "percent_covered": 0.0, "percent_covered_display": "0", "missing_lines": 6, "excluded_lines": 0}, "missing_lines": [501, 502, 503, 504, 505, 506], "excluded_lines": []}, "Quantity.__le__": {"executed_lines": [], "summary": {"covered_lines": 0, "num_statements": 6, "percent_covered": 0.0, "percent_covered_display": "0", "missing_lines": 6, "excluded_lines": 0}, "missing_lines": [510, 511, 512, 513, 514, 515], "excluded_lines": []}, "Quantity.__gt__": {"executed_lines": [], "summary": {"covered_lines": 0, "num_statements": 6, "percent_covered": 0.0, "percent_covered_display": "0", "missing_lines": 6, "excluded_lines": 0}, "missing_lines": [519, 520, 521, 522, 523, 524], "excluded_lines": []}, "Quantity.__ge__": {"executed_lines": [], "summary": {"covered_lines": 0, "num_statements": 6, "percent_covered": 0.0, "percent_covered_display": "0", "missing_lines": 6, "excluded_lines": 0}, "missing_lines": [528, 529, 530, 531, 532, 533], "excluded_lines": []}, "Quantity.__format__": {"executed_lines": [], "summary": {"covered_lines": 0, "num_statements": 21, "percent_covered": 0.0, "percent_covered_display": "0", "missing_lines": 21, "excluded_lines": 0}, "missing_lines": [538, 539, 540, 542, 547, 548, 550, 553, 554, 557, 564, 566, 567, 569, 571, 582, 583, 584, 585, 587, 588], "excluded_lines": []}, "Quantity.__format__.format_val": {"executed_lines": [], "summary": {"covered_lines": 0, "num_statements": 6, "percent_covered": 0.0, "percent_covered_display": "0", "missing_lines": 6, "excluded_lines": 0}, "missing_lines": [572, 573, 577, 578, 579, 580], "excluded_lines": []}, "Quantity.to_latex": {"executed_lines": [], "summary": {"covered_lines": 0, "num_statements": 6, "percent_covered": 0.0, "percent_covered_display": "0", "missing_lines": 6, "excluded_lines": 0}, "missing_lines": [592, 593, 594, 595, 596, 597], "excluded_lines": []}, "Quantity.__str__": {"executed_lines": [], "summary": {"covered_lines": 0, "num_statements": 7, "percent_covered": 0.0, "percent_covered_display": "0", "missing_lines": 7, "excluded_lines": 0}, "missing_lines": [601, 602, 603, 604, 608, 609, 614], "excluded_lines": []}, "Quantity._repr_latex_": {"executed_lines": [], "summary": {"covered_lines": 0, "num_statements": 1, "percent_covered": 0.0, "percent_covered_display": "0", "missing_lines": 1, "excluded_lines": 0}, "missing_lines": [621], "excluded_lines": []}, "Quantity.__repr__": {"executed_lines": [], "summary": {"covered_lines": 0, "num_statements": 1, "percent_covered": 0.0, "percent_covered_display": "0", "missing_lines": 1, "excluded_lines": 0}, "missing_lines": [625], "excluded_lines": []}, "": {"executed_lines": [], "summary": {"covered_lines": 0, "num_statements": 77, "percent_covered": 0.0, "percent_covered_display": "0", "missing_lines": 77, "excluded_lines": 2}, "missing_lines": [11, 13, 14, 15, 16, 28, 29, 30, 32, 33, 34, 35, 36, 42, 43, 44, 45, 46, 47, 48, 49, 50, 51, 52, 55, 56, 59, 60, 61, 64, 65, 66, 68, 70, 75, 76, 77, 85, 86, 87, 95, 96, 97, 105, 106, 136, 137, 141, 157, 175, 193, 229, 265, 277, 278, 280, 299, 311, 315, 327, 332, 419, 434, 446, 454, 473, 488, 499, 508, 517, 526, 536, 590, 599, 619, 623, 631], "excluded_lines": [38, 39]}}, "classes": {"Quantity": {"executed_lines": [], "summary": {"covered_lines": 0, "num_statements": 205, "percent_covered": 0.0, "percent_covered_display": "0", "missing_lines": 205, "excluded_lines": 0}, "missing_lines": [72, 73, 114, 116, 118, 119, 120, 125, 126, 127, 128, 139, 145, 146, 147, 148, 149, 150, 151, 152, 159, 160, 161, 162, 163, 164, 165, 168, 177, 178, 179, 180, 181, 182, 183, 186, 195, 196, 197, 198, 204, 205, 206, 207, 213, 219, 220, 221, 227, 231, 232, 233, 234, 240, 241, 242, 243, 249, 255, 256, 257, 263, 267, 268, 269, 270, 273, 282, 283, 286, 287, 288, 289, 292, 301, 313, 317, 329, 342, 345, 346, 347, 348, 349, 352, 353, 357, 358, 359, 365, 366, 367, 372, 373, 379, 380, 383, 384, 387, 390, 391, 392, 393, 394, 396, 397, 398, 404, 410, 411, 412, 413, 416, 423, 424, 425, 426, 427, 438, 439, 440, 441, 442, 448, 449, 450, 456, 457, 460, 461, 466, 475, 480, 490, 491, 492, 493, 494, 495, 501, 502, 503, 504, 505, 506, 510, 511, 512, 513, 514, 515, 519, 520, 521, 522, 523, 524, 528, 529, 530, 531, 532, 533, 538, 539, 540, 542, 547, 548, 550, 553, 554, 557, 564, 566, 567, 569, 571, 572, 573, 577, 578, 579, 580, 582, 583, 584, 585, 587, 588, 592, 593, 594, 595, 596, 597, 601, 602, 603, 604, 608, 609, 614, 621, 625], "excluded_lines": []}, "": {"executed_lines": [], "summary": {"covered_lines": 0, "num_statements": 77, "percent_covered": 0.0, "percent_covered_display": "0", "missing_lines": 77, "excluded_lines": 2}, "missing_lines": [11, 13, 14, 15, 16, 28, 29, 30, 32, 33, 34, 35, 36, 42, 43, 44, 45, 46, 47, 48, 49, 50, 51, 52, 55, 56, 59, 60, 61, 64, 65, 66, 68, 70, 75, 76, 77, 85, 86, 87, 95, 96, 97, 105, 106, 136, 137, 141, 157, 175, 193, 229, 265, 277, 278, 280, 299, 311, 315, 327, 332, 419, 434, 446, 454, 473, 488, 499, 508, 517, 526, 536, 590, 599, 619, 623, 631], "excluded_lines": [38, 39]}}}, "measurekit\\domain\\measurement\\uncertainty.py": {"executed_lines": [], "summary": {"covered_lines": 0, "num_statements": 51, "percent_covered": 0.0, "percent_covered_display": "0", "missing_lines": 51, "excluded_lines": 0}, "missing_lines": [4, 6, 7, 9, 10, 12, 14, 17, 18, 46, 48, 50, 59, 60, 62, 66, 68, 84, 86, 104, 105, 107, 108, 115, 116, 123, 124, 127, 128, 131, 132, 136, 137, 145, 149, 150, 151, 152, 154, 155, 157, 158, 160, 169, 170, 171, 172, 174, 175, 177, 178], "excluded_lines": [], "functions": {"Uncertainty.__post_init__": {"executed_lines": [], "summary": {"covered_lines": 0, "num_statements": 4, "percent_covered": 0.0, "percent_covered_display": "0", "missing_lines": 4, "excluded_lines": 0}, "missing_lines": [59, 60, 62, 66], "excluded_lines": []}, "Uncertainty.__repr__": {"executed_lines": [], "summary": {"covered_lines": 0, "num_statements": 1, "percent_covered": 0.0, "percent_covered_display": "0", "missing_lines": 1, "excluded_lines": 0}, "missing_lines": [84], "excluded_lines": []}, "Uncertainty.add": {"executed_lines": [], "summary": {"covered_lines": 0, "num_statements": 2, "percent_covered": 0.0, "percent_covered_display": "0", "missing_lines": 2, "excluded_lines": 0}, "missing_lines": [104, 105], "excluded_lines": []}, "Uncertainty.propagate_mul_div": {"executed_lines": [], "summary": {"covered_lines": 0, "num_statements": 8, "percent_covered": 0.0, "percent_covered_display": "0", "missing_lines": 8, "excluded_lines": 0}, "missing_lines": [149, 150, 151, 152, 154, 155, 157, 158], "excluded_lines": []}, "Uncertainty.power": {"executed_lines": [], "summary": {"covered_lines": 0, "num_statements": 8, "percent_covered": 0.0, "percent_covered_display": "0", "missing_lines": 8, "excluded_lines": 0}, "missing_lines": [169, 170, 171, 172, 174, 175, 177, 178], "excluded_lines": []}, "": {"executed_lines": [], "summary": {"covered_lines": 0, "num_statements": 28, "percent_covered": 0.0, "percent_covered_display": "0", "missing_lines": 28, "excluded_lines": 0}, "missing_lines": [4, 6, 7, 9, 10, 12, 14, 17, 18, 46, 48, 50, 68, 86, 107, 108, 115, 116, 123, 124, 127, 128, 131, 132, 136, 137, 145, 160], "excluded_lines": []}}, "classes": {"Uncertainty": {"executed_lines": [], "summary": {"covered_lines": 0, "num_statements": 23, "percent_covered": 0.0, "percent_covered_display": "0", "missing_lines": 23, "excluded_lines": 0}, "missing_lines": [59, 60, 62, 66, 84, 104, 105, 149, 150, 151, 152, 154, 155, 157, 158, 169, 170, 171, 172, 174, 175, 177, 178], "excluded_lines": []}, "": {"executed_lines": [], "summary": {"covered_lines": 0, "num_statements": 28, "percent_covered": 0.0, "percent_covered_display": "0", "missing_lines": 28, "excluded_lines": 0}, "missing_lines": [4, 6, 7, 9, 10, 12, 14, 17, 18, 46, 48, 50, 68, 86, 107, 108, 115, 116, 123, 124, 127, 128, 131, 132, 136, 137, 145, 160], "excluded_lines": []}}}, "measurekit\\domain\\measurement\\units.py": {"executed_lines": [], "summary": {"covered_lines": 0, "num_statements": 94, "percent_covered": 0.0, "percent_covered_display": "0", "missing_lines": 94, "excluded_lines": 4}, "missing_lines": [10, 12, 13, 14, 16, 17, 19, 20, 21, 22, 31, 32, 45, 47, 49, 50, 51, 52, 53, 54, 56, 58, 60, 62, 65, 79, 81, 82, 83, 84, 85, 86, 88, 103, 104, 105, 106, 108, 109, 112, 113, 114, 115, 116, 118, 132, 133, 134, 135, 137, 141, 143, 144, 146, 147, 151, 163, 164, 166, 167, 170, 172, 190, 191, 194, 195, 196, 197, 198, 200, 202, 208, 210, 223, 224, 226, 228, 229, 230, 232, 234, 240, 242, 248, 250, 263, 265, 266, 267, 268, 270, 271, 273, 275], "excluded_lines": [24, 25, 27, 28], "functions": {"CompoundUnit.__new__": {"executed_lines": [], "summary": {"covered_lines": 0, "num_statements": 6, "percent_covered": 0.0, "percent_covered_display": "0", "missing_lines": 6, "excluded_lines": 0}, "missing_lines": [49, 50, 51, 52, 53, 54], "excluded_lines": []}, "CompoundUnit.__init__": {"executed_lines": [], "summary": {"covered_lines": 0, "num_statements": 1, "percent_covered": 0.0, "percent_covered_display": "0", "missing_lines": 1, "excluded_lines": 0}, "missing_lines": [58], "excluded_lines": []}, "CompoundUnit.__hash__": {"executed_lines": [], "summary": {"covered_lines": 0, "num_statements": 1, "percent_covered": 0.0, "percent_covered_display": "0", "missing_lines": 1, "excluded_lines": 0}, "missing_lines": [62], "excluded_lines": []}, "CompoundUnit.conversion_factor_to": {"executed_lines": [], "summary": {"covered_lines": 0, "num_statements": 7, "percent_covered": 0.0, "percent_covered_display": "0", "missing_lines": 7, "excluded_lines": 0}, "missing_lines": [79, 81, 82, 83, 84, 85, 86], "excluded_lines": []}, "CompoundUnit._compound_factor": {"executed_lines": [], "summary": {"covered_lines": 0, "num_statements": 11, "percent_covered": 0.0, "percent_covered_display": "0", "missing_lines": 11, "excluded_lines": 0}, "missing_lines": [103, 104, 105, 106, 108, 109, 112, 113, 114, 115, 116], "excluded_lines": []}, "CompoundUnit.dimension": {"executed_lines": [], "summary": {"covered_lines": 0, "num_statements": 6, "percent_covered": 0.0, "percent_covered_display": "0", "missing_lines": 6, "excluded_lines": 0}, "missing_lines": [132, 133, 134, 135, 137, 141], "excluded_lines": []}, "CompoundUnit.__rmul__": {"executed_lines": [], "summary": {"covered_lines": 0, "num_statements": 5, "percent_covered": 0.0, "percent_covered_display": "0", "missing_lines": 5, "excluded_lines": 0}, "missing_lines": [163, 164, 166, 167, 170], "excluded_lines": []}, "CompoundUnit.to_string": {"executed_lines": [], "summary": {"covered_lines": 0, "num_statements": 8, "percent_covered": 0.0, "percent_covered_display": "0", "missing_lines": 8, "excluded_lines": 0}, "missing_lines": [190, 191, 194, 195, 196, 197, 198, 200], "excluded_lines": []}, "CompoundUnit.__format__": {"executed_lines": [], "summary": {"covered_lines": 0, "num_statements": 1, "percent_covered": 0.0, "percent_covered_display": "0", "missing_lines": 1, "excluded_lines": 0}, "missing_lines": [208], "excluded_lines": []}, "CompoundUnit.to_latex": {"executed_lines": [], "summary": {"covered_lines": 0, "num_statements": 7, "percent_covered": 0.0, "percent_covered_display": "0", "missing_lines": 7, "excluded_lines": 0}, "missing_lines": [223, 224, 226, 228, 229, 230, 232], "excluded_lines": []}, "CompoundUnit._repr_latex_": {"executed_lines": [], "summary": {"covered_lines": 0, "num_statements": 1, "percent_covered": 0.0, "percent_covered_display": "0", "missing_lines": 1, "excluded_lines": 0}, "missing_lines": [240], "excluded_lines": []}, "CompoundUnit.is_dimensionless": {"executed_lines": [], "summary": {"covered_lines": 0, "num_statements": 1, "percent_covered": 0.0, "percent_covered_display": "0", "missing_lines": 1, "excluded_lines": 0}, "missing_lines": [248], "excluded_lines": []}, "CompoundUnit.simplify": {"executed_lines": [], "summary": {"covered_lines": 0, "num_statements": 9, "percent_covered": 0.0, "percent_covered_display": "0", "missing_lines": 9, "excluded_lines": 0}, "missing_lines": [263, 265, 266, 267, 268, 270, 271, 273, 275], "excluded_lines": []}, "": {"executed_lines": [], "summary": {"covered_lines": 0, "num_statements": 29, "percent_covered": 0.0, "percent_covered_display": "0", "missing_lines": 29, "excluded_lines": 4}, "missing_lines": [10, 12, 13, 14, 16, 17, 19, 20, 21, 22, 31, 32, 45, 47, 56, 60, 65, 88, 118, 143, 146, 147, 151, 172, 202, 210, 234, 242, 250], "excluded_lines": [24, 25, 27, 28]}}, "classes": {"CompoundUnit": {"executed_lines": [], "summary": {"covered_lines": 0, "num_statements": 65, "percent_covered": 0.0, "percent_covered_display": "0", "missing_lines": 65, "excluded_lines": 0}, "missing_lines": [49, 50, 51, 52, 53, 54, 58, 62, 79, 81, 82, 83, 84, 85, 86, 103, 104, 105, 106, 108, 109, 112, 113, 114, 115, 116, 132, 133, 134, 135, 137, 141, 144, 163, 164, 166, 167, 170, 190, 191, 194, 195, 196, 197, 198, 200, 208, 223, 224, 226, 228, 229, 230, 232, 240, 248, 263, 265, 266, 267, 268, 270, 271, 273, 275], "excluded_lines": []}, "": {"executed_lines": [], "summary": {"covered_lines": 0, "num_statements": 29, "percent_covered": 0.0, "percent_covered_display": "0", "missing_lines": 29, "excluded_lines": 4}, "missing_lines": [10, 12, 13, 14, 16, 17, 19, 20, 21, 22, 31, 32, 45, 47, 56, 60, 65, 88, 118, 143, 146, 147, 151, 172, 202, 210, 234, 242, 250], "excluded_lines": [24, 25, 27, 28]}}}, "measurekit\\dynamics\\solver.py": {"executed_lines": [], "summary": {"covered_lines": 0, "num_statements": 31, "percent_covered": 0.0, "percent_covered_display": "0", "missing_lines": 31, "excluded_lines": 2}, "missing_lines": [10, 12, 14, 15, 17, 23, 29, 31, 32, 34, 37, 38, 43, 44, 46, 52, 66, 67, 68, 70, 71, 74, 76, 77, 80, 83, 89, 92, 97, 98, 103], "excluded_lines": [19, 20], "functions": {"ODESolution.__init__": {"executed_lines": [], "summary": {"covered_lines": 0, "num_statements": 2, "percent_covered": 0.0, "percent_covered_display": "0", "missing_lines": 2, "excluded_lines": 0}, "missing_lines": [31, 32], "excluded_lines": []}, "ODESolution.__repr__": {"executed_lines": [], "summary": {"covered_lines": 0, "num_statements": 5, "percent_covered": 0.0, "percent_covered_display": "0", "missing_lines": 5, "excluded_lines": 0}, "missing_lines": [37, 38, 43, 44, 46], "excluded_lines": []}, "solve_unit_aware_ivp": {"executed_lines": [], "summary": {"covered_lines": 0, "num_statements": 10, "percent_covered": 0.0, "percent_covered_display": "0", "missing_lines": 10, "excluded_lines": 0}, "missing_lines": [66, 67, 68, 70, 71, 74, 92, 97, 98, 103], "excluded_lines": []}, "solve_unit_aware_ivp.fun_wrapper": {"executed_lines": [], "summary": {"covered_lines": 0, "num_statements": 5, "percent_covered": 0.0, "percent_covered_display": "0", "missing_lines": 5, "excluded_lines": 0}, "missing_lines": [76, 77, 80, 83, 89], "excluded_lines": []}, "": {"executed_lines": [], "summary": {"covered_lines": 0, "num_statements": 9, "percent_covered": 0.0, "percent_covered_display": "0", "missing_lines": 9, "excluded_lines": 2}, "missing_lines": [10, 12, 14, 15, 17, 23, 29, 34, 52], "excluded_lines": [19, 20]}}, "classes": {"ODESolution": {"executed_lines": [], "summary": {"covered_lines": 0, "num_statements": 7, "percent_covered": 0.0, "percent_covered_display": "0", "missing_lines": 7, "excluded_lines": 0}, "missing_lines": [31, 32, 37, 38, 43, 44, 46], "excluded_lines": []}, "": {"executed_lines": [], "summary": {"covered_lines": 0, "num_statements": 24, "percent_covered": 0.0, "percent_covered_display": "0", "missing_lines": 24, "excluded_lines": 2}, "missing_lines": [10, 12, 14, 15, 17, 23, 29, 34, 52, 66, 67, 68, 70, 71, 74, 76, 77, 80, 83, 89, 92, 97, 98, 103], "excluded_lines": [19, 20]}}}, "measurekit\\functions\\functions.py": {"executed_lines": [], "summary": {"covered_lines": 0, "num_statements": 59, "percent_covered": 0.0, "percent_covered_display": "0", "missing_lines": 59, "excluded_lines": 2}, "missing_lines": [8, 10, 11, 13, 14, 16, 17, 18, 19, 25, 26, 34, 35, 36, 37, 38, 39, 41, 48, 49, 50, 55, 58, 60, 64, 65, 72, 73, 75, 76, 77, 78, 79, 80, 81, 82, 83, 86, 87, 88, 89, 90, 91, 95, 97, 98, 100, 106, 108, 109, 114, 115, 117, 124, 126, 130, 136, 142, 146], "excluded_lines": [21, 22], "functions": {"Function.__post_init__": {"executed_lines": [], "summary": {"covered_lines": 0, "num_statements": 5, "percent_covered": 0.0, "percent_covered_display": "0", "missing_lines": 5, "excluded_lines": 0}, "missing_lines": [48, 49, 50, 55, 58], "excluded_lines": []}, "Function.__call__": {"executed_lines": [], "summary": {"covered_lines": 0, "num_statements": 22, "percent_covered": 0.0, "percent_covered_display": "0", "missing_lines": 22, "excluded_lines": 0}, "missing_lines": [64, 65, 72, 73, 75, 76, 77, 78, 79, 80, 81, 82, 83, 86, 87, 88, 89, 90, 91, 95, 97, 98], "excluded_lines": []}, "Function.derivative": {"executed_lines": [], "summary": {"covered_lines": 0, "num_statements": 6, "percent_covered": 0.0, "percent_covered_display": "0", "missing_lines": 6, "excluded_lines": 0}, "missing_lines": [106, 108, 109, 114, 115, 117], "excluded_lines": []}, "Function.__repr__": {"executed_lines": [], "summary": {"covered_lines": 0, "num_statements": 2, "percent_covered": 0.0, "percent_covered_display": "0", "missing_lines": 2, "excluded_lines": 0}, "missing_lines": [126, 130], "excluded_lines": []}, "Function.__str__": {"executed_lines": [], "summary": {"covered_lines": 0, "num_statements": 2, "percent_covered": 0.0, "percent_covered_display": "0", "missing_lines": 2, "excluded_lines": 0}, "missing_lines": [142, 146], "excluded_lines": []}, "": {"executed_lines": [], "summary": {"covered_lines": 0, "num_statements": 22, "percent_covered": 0.0, "percent_covered_display": "0", "missing_lines": 22, "excluded_lines": 2}, "missing_lines": [8, 10, 11, 13, 14, 16, 17, 18, 19, 25, 26, 34, 35, 36, 37, 38, 39, 41, 60, 100, 124, 136], "excluded_lines": [21, 22]}}, "classes": {"Function": {"executed_lines": [], "summary": {"covered_lines": 0, "num_statements": 37, "percent_covered": 0.0, "percent_covered_display": "0", "missing_lines": 37, "excluded_lines": 0}, "missing_lines": [48, 49, 50, 55, 58, 64, 65, 72, 73, 75, 76, 77, 78, 79, 80, 81, 82, 83, 86, 87, 88, 89, 90, 91, 95, 97, 98, 106, 108, 109, 114, 115, 117, 126, 130, 142, 146], "excluded_lines": []}, "": {"executed_lines": [], "summary": {"covered_lines": 0, "num_statements": 22, "percent_covered": 0.0, "percent_covered_display": "0", "missing_lines": 22, "excluded_lines": 2}, "missing_lines": [8, 10, 11, 13, 14, 16, 17, 18, 19, 25, 26, 34, 35, 36, 37, 38, 39, 41, 60, 100, 124, 136], "excluded_lines": [21, 22]}}}, "measurekit\\notation\\base_entity.py": {"executed_lines": [], "summary": {"covered_lines": 0, "num_statements": 55, "percent_covered": 0.0, "percent_covered_display": "0", "missing_lines": 55, "excluded_lines": 0}, "missing_lines": [10, 12, 13, 14, 16, 17, 20, 21, 24, 26, 28, 29, 30, 31, 33, 35, 37, 39, 40, 41, 42, 44, 46, 47, 48, 49, 51, 53, 55, 57, 58, 59, 61, 63, 65, 67, 69, 71, 73, 74, 77, 78, 79, 80, 81, 82, 83, 84, 85, 86, 87, 88, 90, 91, 96], "excluded_lines": [], "functions": {"BaseExponentEntity.__new__": {"executed_lines": [], "summary": {"covered_lines": 0, "num_statements": 4, "percent_covered": 0.0, "percent_covered_display": "0", "missing_lines": 4, "excluded_lines": 0}, "missing_lines": [28, 29, 30, 31], "excluded_lines": []}, "BaseExponentEntity.__init__": {"executed_lines": [], "summary": {"covered_lines": 0, "num_statements": 1, "percent_covered": 0.0, "percent_covered_display": "0", "missing_lines": 1, "excluded_lines": 0}, "missing_lines": [35], "excluded_lines": []}, "BaseExponentEntity.__mul__": {"executed_lines": [], "summary": {"covered_lines": 0, "num_statements": 4, "percent_covered": 0.0, "percent_covered_display": "0", "missing_lines": 4, "excluded_lines": 0}, "missing_lines": [39, 40, 41, 42], "excluded_lines": []}, "BaseExponentEntity.__truediv__": {"executed_lines": [], "summary": {"covered_lines": 0, "num_statements": 4, "percent_covered": 0.0, "percent_covered_display": "0", "missing_lines": 4, "excluded_lines": 0}, "missing_lines": [46, 47, 48, 49], "excluded_lines": []}, "BaseExponentEntity.__pow__": {"executed_lines": [], "summary": {"covered_lines": 0, "num_statements": 1, "percent_covered": 0.0, "percent_covered_display": "0", "missing_lines": 1, "excluded_lines": 0}, "missing_lines": [53], "excluded_lines": []}, "BaseExponentEntity.__eq__": {"executed_lines": [], "summary": {"covered_lines": 0, "num_statements": 3, "percent_covered": 0.0, "percent_covered_display": "0", "missing_lines": 3, "excluded_lines": 0}, "missing_lines": [57, 58, 59], "excluded_lines": []}, "BaseExponentEntity.__hash__": {"executed_lines": [], "summary": {"covered_lines": 0, "num_statements": 1, "percent_covered": 0.0, "percent_covered_display": "0", "missing_lines": 1, "excluded_lines": 0}, "missing_lines": [63], "excluded_lines": []}, "BaseExponentEntity.__repr__": {"executed_lines": [], "summary": {"covered_lines": 0, "num_statements": 1, "percent_covered": 0.0, "percent_covered_display": "0", "missing_lines": 1, "excluded_lines": 0}, "missing_lines": [67], "excluded_lines": []}, "BaseExponentEntity.__str__": {"executed_lines": [], "summary": {"covered_lines": 0, "num_statements": 15, "percent_covered": 0.0, "percent_covered_display": "0", "missing_lines": 15, "excluded_lines": 0}, "missing_lines": [71, 73, 74, 77, 78, 79, 80, 81, 82, 83, 84, 85, 86, 87, 88], "excluded_lines": []}, "BaseExponentEntity.__rtruediv__": {"executed_lines": [], "summary": {"covered_lines": 0, "num_statements": 1, "percent_covered": 0.0, "percent_covered_display": "0", "missing_lines": 1, "excluded_lines": 0}, "missing_lines": [96], "excluded_lines": []}, "": {"executed_lines": [], "summary": {"covered_lines": 0, "num_statements": 20, "percent_covered": 0.0, "percent_covered_display": "0", "missing_lines": 20, "excluded_lines": 0}, "missing_lines": [10, 12, 13, 14, 16, 17, 20, 21, 24, 26, 33, 37, 44, 51, 55, 61, 65, 69, 90, 91], "excluded_lines": []}}, "classes": {"BaseExponentEntity": {"executed_lines": [], "summary": {"covered_lines": 0, "num_statements": 35, "percent_covered": 0.0, "percent_covered_display": "0", "missing_lines": 35, "excluded_lines": 0}, "missing_lines": [28, 29, 30, 31, 35, 39, 40, 41, 42, 46, 47, 48, 49, 53, 57, 58, 59, 63, 67, 71, 73, 74, 77, 78, 79, 80, 81, 82, 83, 84, 85, 86, 87, 88, 96], "excluded_lines": []}, "": {"executed_lines": [], "summary": {"covered_lines": 0, "num_statements": 20, "percent_covered": 0.0, "percent_covered_display": "0", "missing_lines": 20, "excluded_lines": 0}, "missing_lines": [10, 12, 13, 14, 16, 17, 20, 21, 24, 26, 33, 37, 44, 51, 55, 61, 65, 69, 90, 91], "excluded_lines": []}}}, "measurekit\\notation\\lexer.py": {"executed_lines": [], "summary": {"covered_lines": 0, "num_statements": 53, "percent_covered": 0.0, "percent_covered_display": "0", "missing_lines": 53, "excluded_lines": 0}, "missing_lines": [8, 9, 10, 11, 14, 15, 16, 19, 21, 23, 26, 28, 30, 33, 35, 36, 37, 38, 39, 40, 41, 45, 48, 49, 50, 51, 52, 53, 54, 55, 56, 58, 60, 64, 65, 68, 69, 70, 71, 75, 88, 99, 104, 116, 117, 118, 119, 120, 121, 122, 123, 124, 125], "excluded_lines": [], "functions": {"to_superscript": {"executed_lines": [], "summary": {"covered_lines": 0, "num_statements": 2, "percent_covered": 0.0, "percent_covered_display": "0", "missing_lines": 2, "excluded_lines": 0}, "missing_lines": [21, 23], "excluded_lines": []}, "to_subscript": {"executed_lines": [], "summary": {"covered_lines": 0, "num_statements": 2, "percent_covered": 0.0, "percent_covered_display": "0", "missing_lines": 2, "excluded_lines": 0}, "missing_lines": [28, 30], "excluded_lines": []}, "parse_superscript": {"executed_lines": [], "summary": {"covered_lines": 0, "num_statements": 7, "percent_covered": 0.0, "percent_covered_display": "0", "missing_lines": 7, "excluded_lines": 0}, "missing_lines": [35, 36, 37, 38, 39, 40, 41], "excluded_lines": []}, "TokenType.__str__": {"executed_lines": [], "summary": {"covered_lines": 0, "num_statements": 1, "percent_covered": 0.0, "percent_covered_display": "0", "missing_lines": 1, "excluded_lines": 0}, "missing_lines": [60], "excluded_lines": []}, "generate_tokens": {"executed_lines": [], "summary": {"covered_lines": 0, "num_statements": 10, "percent_covered": 0.0, "percent_covered_display": "0", "missing_lines": 10, "excluded_lines": 0}, "missing_lines": [116, 117, 118, 119, 120, 121, 122, 123, 124, 125], "excluded_lines": []}, "": {"executed_lines": [], "summary": {"covered_lines": 0, "num_statements": 31, "percent_covered": 0.0, "percent_covered_display": "0", "missing_lines": 31, "excluded_lines": 0}, "missing_lines": [8, 9, 10, 11, 14, 15, 16, 19, 26, 33, 45, 48, 49, 50, 51, 52, 53, 54, 55, 56, 58, 64, 65, 68, 69, 70, 71, 75, 88, 99, 104], "excluded_lines": []}}, "classes": {"TokenType": {"executed_lines": [], "summary": {"covered_lines": 0, "num_statements": 1, "percent_covered": 0.0, "percent_covered_display": "0", "missing_lines": 1, "excluded_lines": 0}, "missing_lines": [60], "excluded_lines": []}, "UnitToken": {"executed_lines": [], "summary": {"covered_lines": 0, "num_statements": 0, "percent_covered": 100.0, "percent_covered_display": "100", "missing_lines": 0, "excluded_lines": 0}, "missing_lines": [], "excluded_lines": []}, "": {"executed_lines": [], "summary": {"covered_lines": 0, "num_statements": 52, "percent_covered": 0.0, "percent_covered_display": "0", "missing_lines": 52, "excluded_lines": 0}, "missing_lines": [8, 9, 10, 11, 14, 15, 16, 19, 21, 23, 26, 28, 30, 33, 35, 36, 37, 38, 39, 40, 41, 45, 48, 49, 50, 51, 52, 53, 54, 55, 56, 58, 64, 65, 68, 69, 70, 71, 75, 88, 99, 104, 116, 117, 118, 119, 120, 121, 122, 123, 124, 125], "excluded_lines": []}}}, "measurekit\\notation\\parsers.py": {"executed_lines": [], "summary": {"covered_lines": 0, "num_statements": 80, "percent_covered": 0.0, "percent_covered_display": "0", "missing_lines": 80, "excluded_lines": 0}, "missing_lines": [18, 20, 22, 27, 28, 31, 45, 57, 58, 60, 61, 63, 65, 81, 82, 83, 84, 86, 88, 101, 103, 104, 108, 110, 112, 114, 115, 116, 117, 119, 120, 122, 128, 130, 136, 138, 139, 140, 141, 142, 147, 148, 151, 152, 153, 155, 156, 157, 160, 163, 164, 165, 166, 170, 174, 175, 177, 178, 179, 180, 182, 183, 186, 187, 189, 190, 191, 192, 195, 197, 209, 210, 211, 213, 214, 215, 216, 217, 219, 224], "excluded_lines": [], "functions": {"NotationParser.__init__": {"executed_lines": [], "summary": {"covered_lines": 0, "num_statements": 2, "percent_covered": 0.0, "percent_covered_display": "0", "missing_lines": 2, "excluded_lines": 0}, "missing_lines": [57, 58], "excluded_lines": []}, "NotationParser.current": {"executed_lines": [], "summary": {"covered_lines": 0, "num_statements": 1, "percent_covered": 0.0, "percent_covered_display": "0", "missing_lines": 1, "excluded_lines": 0}, "missing_lines": [63], "excluded_lines": []}, "NotationParser.eat": {"executed_lines": [], "summary": {"covered_lines": 0, "num_statements": 5, "percent_covered": 0.0, "percent_covered_display": "0", "missing_lines": 5, "excluded_lines": 0}, "missing_lines": [81, 82, 83, 84, 86], "excluded_lines": []}, "NotationParser.parse": {"executed_lines": [], "summary": {"covered_lines": 0, "num_statements": 4, "percent_covered": 0.0, "percent_covered_display": "0", "missing_lines": 4, "excluded_lines": 0}, "missing_lines": [101, 103, 104, 108], "excluded_lines": []}, "NotationParser.expr": {"executed_lines": [], "summary": {"covered_lines": 0, "num_statements": 7, "percent_covered": 0.0, "percent_covered_display": "0", "missing_lines": 7, "excluded_lines": 0}, "missing_lines": [112, 114, 115, 116, 117, 119, 120], "excluded_lines": []}, "NotationParser.term": {"executed_lines": [], "summary": {"covered_lines": 0, "num_statements": 1, "percent_covered": 0.0, "percent_covered_display": "0", "missing_lines": 1, "excluded_lines": 0}, "missing_lines": [128], "excluded_lines": []}, "NotationParser.factor": {"executed_lines": [], "summary": {"covered_lines": 0, "num_statements": 35, "percent_covered": 0.0, "percent_covered_display": "0", "missing_lines": 35, "excluded_lines": 0}, "missing_lines": [136, 138, 139, 140, 141, 142, 147, 148, 151, 152, 153, 155, 156, 157, 160, 163, 164, 165, 166, 170, 174, 175, 177, 178, 179, 180, 182, 183, 186, 187, 189, 190, 191, 192, 195], "excluded_lines": []}, "NotationParser._parse_exponent": {"executed_lines": [], "summary": {"covered_lines": 0, "num_statements": 10, "percent_covered": 0.0, "percent_covered_display": "0", "missing_lines": 10, "excluded_lines": 0}, "missing_lines": [209, 210, 211, 213, 214, 215, 216, 217, 219, 224], "excluded_lines": []}, "": {"executed_lines": [], "summary": {"covered_lines": 0, "num_statements": 15, "percent_covered": 0.0, "percent_covered_display": "0", "missing_lines": 15, "excluded_lines": 0}, "missing_lines": [18, 20, 22, 27, 28, 31, 45, 60, 61, 65, 88, 110, 122, 130, 197], "excluded_lines": []}}, "classes": {"NotationParser": {"executed_lines": [], "summary": {"covered_lines": 0, "num_statements": 65, "percent_covered": 0.0, "percent_covered_display": "0", "missing_lines": 65, "excluded_lines": 0}, "missing_lines": [57, 58, 63, 81, 82, 83, 84, 86, 101, 103, 104, 108, 112, 114, 115, 116, 117, 119, 120, 128, 136, 138, 139, 140, 141, 142, 147, 148, 151, 152, 153, 155, 156, 157, 160, 163, 164, 165, 166, 170, 174, 175, 177, 178, 179, 180, 182, 183, 186, 187, 189, 190, 191, 192, 195, 209, 210, 211, 213, 214, 215, 216, 217, 219, 224], "excluded_lines": []}, "": {"executed_lines": [], "summary": {"covered_lines": 0, "num_statements": 15, "percent_covered": 0.0, "percent_covered_display": "0", "missing_lines": 15, "excluded_lines": 0}, "missing_lines": [18, 20, 22, 27, 28, 31, 45, 60, 61, 65, 88, 110, 122, 130, 197], "excluded_lines": []}}}, "measurekit\\notation\\protocols.py": {"executed_lines": [], "summary": {"covered_lines": 0, "num_statements": 19, "percent_covered": 0.0, "percent_covered_display": "0", "missing_lines": 19, "excluded_lines": 0}, "missing_lines": [7, 9, 11, 14, 22, 23, 25, 27, 29, 31, 33, 35, 39, 41, 43, 45, 47, 49, 51], "excluded_lines": [], "functions": {"ExponentEntityProtocol.exponents": {"executed_lines": [], "summary": {"covered_lines": 0, "num_statements": 1, "percent_covered": 0.0, "percent_covered_display": "0", "missing_lines": 1, "excluded_lines": 0}, "missing_lines": [25], "excluded_lines": []}, "ExponentEntityProtocol.__init__": {"executed_lines": [], "summary": {"covered_lines": 0, "num_statements": 1, "percent_covered": 0.0, "percent_covered_display": "0", "missing_lines": 1, "excluded_lines": 0}, "missing_lines": [29], "excluded_lines": []}, "ExponentEntityProtocol.__mul__": {"executed_lines": [], "summary": {"covered_lines": 0, "num_statements": 1, "percent_covered": 0.0, "percent_covered_display": "0", "missing_lines": 1, "excluded_lines": 0}, "missing_lines": [33], "excluded_lines": []}, "ExponentEntityProtocol.__truediv__": {"executed_lines": [], "summary": {"covered_lines": 0, "num_statements": 1, "percent_covered": 0.0, "percent_covered_display": "0", "missing_lines": 1, "excluded_lines": 0}, "missing_lines": [39], "excluded_lines": []}, "ExponentEntityProtocol.__pow__": {"executed_lines": [], "summary": {"covered_lines": 0, "num_statements": 1, "percent_covered": 0.0, "percent_covered_display": "0", "missing_lines": 1, "excluded_lines": 0}, "missing_lines": [43], "excluded_lines": []}, "ExponentEntityProtocol.__eq__": {"executed_lines": [], "summary": {"covered_lines": 0, "num_statements": 1, "percent_covered": 0.0, "percent_covered_display": "0", "missing_lines": 1, "excluded_lines": 0}, "missing_lines": [47], "excluded_lines": []}, "ExponentEntityProtocol.__hash__": {"executed_lines": [], "summary": {"covered_lines": 0, "num_statements": 1, "percent_covered": 0.0, "percent_covered_display": "0", "missing_lines": 1, "excluded_lines": 0}, "missing_lines": [51], "excluded_lines": []}, "": {"executed_lines": [], "summary": {"covered_lines": 0, "num_statements": 12, "percent_covered": 0.0, "percent_covered_display": "0", "missing_lines": 12, "excluded_lines": 0}, "missing_lines": [7, 9, 11, 14, 22, 23, 27, 31, 35, 41, 45, 49], "excluded_lines": []}}, "classes": {"ExponentEntityProtocol": {"executed_lines": [], "summary": {"covered_lines": 0, "num_statements": 7, "percent_covered": 0.0, "percent_covered_display": "0", "missing_lines": 7, "excluded_lines": 0}, "missing_lines": [25, 29, 33, 39, 43, 47, 51], "excluded_lines": []}, "": {"executed_lines": [], "summary": {"covered_lines": 0, "num_statements": 12, "percent_covered": 0.0, "percent_covered_display": "0", "missing_lines": 12, "excluded_lines": 0}, "missing_lines": [7, 9, 11, 14, 22, 23, 27, 31, 35, 41, 45, 49], "excluded_lines": []}}}, "measurekit\\notation\\token_buffer.py": {"executed_lines": [], "summary": {"covered_lines": 0, "num_statements": 29, "percent_covered": 0.0, "percent_covered_display": "0", "missing_lines": 29, "excluded_lines": 0}, "missing_lines": [16, 17, 18, 20, 23, 40, 45, 46, 48, 53, 54, 55, 56, 57, 58, 60, 62, 63, 64, 66, 68, 70, 72, 74, 76, 78, 80, 82, 84], "excluded_lines": [], "functions": {"TokenBuffer.__init__": {"executed_lines": [], "summary": {"covered_lines": 0, "num_statements": 2, "percent_covered": 0.0, "percent_covered_display": "0", "missing_lines": 2, "excluded_lines": 0}, "missing_lines": [45, 46], "excluded_lines": []}, "TokenBuffer.__getitem__": {"executed_lines": [], "summary": {"covered_lines": 0, "num_statements": 6, "percent_covered": 0.0, "percent_covered_display": "0", "missing_lines": 6, "excluded_lines": 0}, "missing_lines": [53, 54, 55, 56, 57, 58], "excluded_lines": []}, "TokenBuffer.advance": {"executed_lines": [], "summary": {"covered_lines": 0, "num_statements": 3, "percent_covered": 0.0, "percent_covered_display": "0", "missing_lines": 3, "excluded_lines": 0}, "missing_lines": [62, 63, 64], "excluded_lines": []}, "TokenBuffer.current": {"executed_lines": [], "summary": {"covered_lines": 0, "num_statements": 1, "percent_covered": 0.0, "percent_covered_display": "0", "missing_lines": 1, "excluded_lines": 0}, "missing_lines": [68], "excluded_lines": []}, "TokenBuffer.__len__": {"executed_lines": [], "summary": {"covered_lines": 0, "num_statements": 1, "percent_covered": 0.0, "percent_covered_display": "0", "missing_lines": 1, "excluded_lines": 0}, "missing_lines": [72], "excluded_lines": []}, "TokenBuffer.__repr__": {"executed_lines": [], "summary": {"covered_lines": 0, "num_statements": 1, "percent_covered": 0.0, "percent_covered_display": "0", "missing_lines": 1, "excluded_lines": 0}, "missing_lines": [76], "excluded_lines": []}, "TokenBuffer.__str__": {"executed_lines": [], "summary": {"covered_lines": 0, "num_statements": 1, "percent_covered": 0.0, "percent_covered_display": "0", "missing_lines": 1, "excluded_lines": 0}, "missing_lines": [80], "excluded_lines": []}, "TokenBuffer.__iter__": {"executed_lines": [], "summary": {"covered_lines": 0, "num_statements": 1, "percent_covered": 0.0, "percent_covered_display": "0", "missing_lines": 1, "excluded_lines": 0}, "missing_lines": [84], "excluded_lines": []}, "": {"executed_lines": [], "summary": {"covered_lines": 0, "num_statements": 13, "percent_covered": 0.0, "percent_covered_display": "0", "missing_lines": 13, "excluded_lines": 0}, "missing_lines": [16, 17, 18, 20, 23, 40, 48, 60, 66, 70, 74, 78, 82], "excluded_lines": []}}, "classes": {"TokenBuffer": {"executed_lines": [], "summary": {"covered_lines": 0, "num_statements": 16, "percent_covered": 0.0, "percent_covered_display": "0", "missing_lines": 16, "excluded_lines": 0}, "missing_lines": [45, 46, 53, 54, 55, 56, 57, 58, 62, 63, 64, 68, 72, 76, 80, 84], "excluded_lines": []}, "": {"executed_lines": [], "summary": {"covered_lines": 0, "num_statements": 13, "percent_covered": 0.0, "percent_covered_display": "0", "missing_lines": 13, "excluded_lines": 0}, "missing_lines": [16, 17, 18, 20, 23, 40, 48, 60, 66, 70, 74, 78, 82], "excluded_lines": []}}}, "measurekit\\notation\\typing.py": {"executed_lines": [], "summary": {"covered_lines": 0, "num_statements": 1, "percent_covered": 0.0, "percent_covered_display": "0", "missing_lines": 1, "excluded_lines": 0}, "missing_lines": [3], "excluded_lines": [], "functions": {"": {"executed_lines": [], "summary": {"covered_lines": 0, "num_statements": 1, "percent_covered": 0.0, "percent_covered_display": "0", "missing_lines": 1, "excluded_lines": 0}, "missing_lines": [3], "excluded_lines": []}}, "classes": {"": {"executed_lines": [], "summary": {"covered_lines": 0, "num_statements": 1, "percent_covered": 0.0, "percent_covered_display": "0", "missing_lines": 1, "excluded_lines": 0}, "missing_lines": [3], "excluded_lines": []}}}, "measurekit\\symbolic\\expression.py": {"executed_lines": [], "summary": {"covered_lines": 0, "num_statements": 0, "percent_covered": 100.0, "percent_covered_display": "100", "missing_lines": 0, "excluded_lines": 0}, "missing_lines": [], "excluded_lines": [], "functions": {"": {"executed_lines": [], "summary": {"covered_lines": 0, "num_statements": 0, "percent_covered": 100.0, "percent_covered_display": "100", "missing_lines": 0, "excluded_lines": 0}, "missing_lines": [], "excluded_lines": []}}, "classes": {"": {"executed_lines": [], "summary": {"covered_lines": 0, "num_statements": 0, "percent_covered": 100.0, "percent_covered_display": "100", "missing_lines": 0, "excluded_lines": 0}, "missing_lines": [], "excluded_lines": []}}}, "measurekit\\symbolic\\quantity.py": {"executed_lines": [], "summary": {"covered_lines": 0, "num_statements": 116, "percent_covered": 0.0, "percent_covered_display": "0", "missing_lines": 116, "excluded_lines": 0}, "missing_lines": [11, 13, 14, 15, 17, 18, 19, 20, 21, 24, 27, 34, 36, 37, 38, 40, 42, 44, 46, 47, 48, 49, 53, 54, 59, 60, 61, 65, 67, 68, 72, 74, 76, 78, 80, 82, 84, 86, 87, 88, 92, 94, 95, 96, 100, 102, 103, 104, 107, 108, 109, 113, 115, 116, 117, 120, 121, 122, 126, 127, 131, 132, 133, 134, 135, 137, 154, 160, 163, 171, 174, 181, 182, 183, 184, 185, 186, 187, 191, 193, 195, 198, 199, 200, 202, 203, 204, 205, 207, 208, 213, 214, 215, 217, 218, 222, 223, 225, 229, 230, 231, 232, 233, 235, 236, 238, 239, 240, 241, 242, 243, 244, 245, 246, 247, 249], "excluded_lines": [], "functions": {"SymbolicQuantity.__init__": {"executed_lines": [], "summary": {"covered_lines": 0, "num_statements": 5, "percent_covered": 0.0, "percent_covered_display": "0", "missing_lines": 5, "excluded_lines": 0}, "missing_lines": [34, 36, 37, 38, 40], "excluded_lines": []}, "SymbolicQuantity.__repr__": {"executed_lines": [], "summary": {"covered_lines": 0, "num_statements": 1, "percent_covered": 0.0, "percent_covered_display": "0", "missing_lines": 1, "excluded_lines": 0}, "missing_lines": [44], "excluded_lines": []}, "SymbolicQuantity._operate": {"executed_lines": [], "summary": {"covered_lines": 0, "num_statements": 8, "percent_covered": 0.0, "percent_covered_display": "0", "missing_lines": 8, "excluded_lines": 0}, "missing_lines": [47, 48, 49, 53, 54, 59, 60, 61], "excluded_lines": []}, "SymbolicQuantity.__neg__": {"executed_lines": [], "summary": {"covered_lines": 0, "num_statements": 2, "percent_covered": 0.0, "percent_covered_display": "0", "missing_lines": 2, "excluded_lines": 0}, "missing_lines": [67, 68], "excluded_lines": []}, "SymbolicQuantity.__mul__": {"executed_lines": [], "summary": {"covered_lines": 0, "num_statements": 1, "percent_covered": 0.0, "percent_covered_display": "0", "missing_lines": 1, "excluded_lines": 0}, "missing_lines": [74], "excluded_lines": []}, "SymbolicQuantity.__rmul__": {"executed_lines": [], "summary": {"covered_lines": 0, "num_statements": 1, "percent_covered": 0.0, "percent_covered_display": "0", "missing_lines": 1, "excluded_lines": 0}, "missing_lines": [78], "excluded_lines": []}, "SymbolicQuantity.__truediv__": {"executed_lines": [], "summary": {"covered_lines": 0, "num_statements": 1, "percent_covered": 0.0, "percent_covered_display": "0", "missing_lines": 1, "excluded_lines": 0}, "missing_lines": [82], "excluded_lines": []}, "SymbolicQuantity.__rtruediv__": {"executed_lines": [], "summary": {"covered_lines": 0, "num_statements": 3, "percent_covered": 0.0, "percent_covered_display": "0", "missing_lines": 3, "excluded_lines": 0}, "missing_lines": [86, 87, 88], "excluded_lines": []}, "SymbolicQuantity.__pow__": {"executed_lines": [], "summary": {"covered_lines": 0, "num_statements": 3, "percent_covered": 0.0, "percent_covered_display": "0", "missing_lines": 3, "excluded_lines": 0}, "missing_lines": [94, 95, 96], "excluded_lines": []}, "SymbolicQuantity.__add__": {"executed_lines": [], "summary": {"covered_lines": 0, "num_statements": 6, "percent_covered": 0.0, "percent_covered_display": "0", "missing_lines": 6, "excluded_lines": 0}, "missing_lines": [102, 103, 104, 107, 108, 109], "excluded_lines": []}, "SymbolicQuantity.__sub__": {"executed_lines": [], "summary": {"covered_lines": 0, "num_statements": 6, "percent_covered": 0.0, "percent_covered_display": "0", "missing_lines": 6, "excluded_lines": 0}, "missing_lines": [115, 116, 117, 120, 121, 122], "excluded_lines": []}, "SymbolicQuantity.from_expression": {"executed_lines": [], "summary": {"covered_lines": 0, "num_statements": 5, "percent_covered": 0.0, "percent_covered_display": "0", "missing_lines": 5, "excluded_lines": 0}, "missing_lines": [131, 132, 133, 134, 135], "excluded_lines": []}, "SymbolicQuantity.to_function": {"executed_lines": [], "summary": {"covered_lines": 0, "num_statements": 3, "percent_covered": 0.0, "percent_covered_display": "0", "missing_lines": 3, "excluded_lines": 0}, "missing_lines": [154, 160, 163], "excluded_lines": []}, "Equation.__init__": {"executed_lines": [], "summary": {"covered_lines": 0, "num_statements": 7, "percent_covered": 0.0, "percent_covered_display": "0", "missing_lines": 7, "excluded_lines": 0}, "missing_lines": [181, 182, 183, 184, 185, 186, 187], "excluded_lines": []}, "Equation.__repr__": {"executed_lines": [], "summary": {"covered_lines": 0, "num_statements": 1, "percent_covered": 0.0, "percent_covered_display": "0", "missing_lines": 1, "excluded_lines": 0}, "missing_lines": [193], "excluded_lines": []}, "Equation.solve_for": {"executed_lines": [], "summary": {"covered_lines": 0, "num_statements": 17, "percent_covered": 0.0, "percent_covered_display": "0", "missing_lines": 17, "excluded_lines": 0}, "missing_lines": [198, 199, 200, 202, 203, 204, 205, 207, 208, 213, 214, 215, 217, 218, 222, 223, 225], "excluded_lines": []}, "Equation._deduce_unit": {"executed_lines": [], "summary": {"covered_lines": 0, "num_statements": 17, "percent_covered": 0.0, "percent_covered_display": "0", "missing_lines": 17, "excluded_lines": 0}, "missing_lines": [230, 231, 232, 233, 235, 236, 238, 239, 240, 241, 242, 243, 244, 245, 246, 247, 249], "excluded_lines": []}, "": {"executed_lines": [], "summary": {"covered_lines": 0, "num_statements": 29, "percent_covered": 0.0, "percent_covered_display": "0", "missing_lines": 29, "excluded_lines": 0}, "missing_lines": [11, 13, 14, 15, 17, 18, 19, 20, 21, 24, 27, 42, 46, 65, 72, 76, 80, 84, 92, 100, 113, 126, 127, 137, 171, 174, 191, 195, 229], "excluded_lines": []}}, "classes": {"SymbolicQuantity": {"executed_lines": [], "summary": {"covered_lines": 0, "num_statements": 45, "percent_covered": 0.0, "percent_covered_display": "0", "missing_lines": 45, "excluded_lines": 0}, "missing_lines": [34, 36, 37, 38, 40, 44, 47, 48, 49, 53, 54, 59, 60, 61, 67, 68, 74, 78, 82, 86, 87, 88, 94, 95, 96, 102, 103, 104, 107, 108, 109, 115, 116, 117, 120, 121, 122, 131, 132, 133, 134, 135, 154, 160, 163], "excluded_lines": []}, "Equation": {"executed_lines": [], "summary": {"covered_lines": 0, "num_statements": 42, "percent_covered": 0.0, "percent_covered_display": "0", "missing_lines": 42, "excluded_lines": 0}, "missing_lines": [181, 182, 183, 184, 185, 186, 187, 193, 198, 199, 200, 202, 203, 204, 205, 207, 208, 213, 214, 215, 217, 218, 222, 223, 225, 230, 231, 232, 233, 235, 236, 238, 239, 240, 241, 242, 243, 244, 245, 246, 247, 249], "excluded_lines": []}, "": {"executed_lines": [], "summary": {"covered_lines": 0, "num_statements": 29, "percent_covered": 0.0, "percent_covered_display": "0", "missing_lines": 29, "excluded_lines": 0}, "missing_lines": [11, 13, 14, 15, 17, 18, 19, 20, 21, 24, 27, 42, 46, 65, 72, 76, 80, 84, 92, 100, 113, 126, 127, 137, 171, 174, 191, 195, 229], "excluded_lines": []}}}}, "totals": {"covered_lines": 0, "num_statements": 1026, "percent_covered": 0.0, "percent_covered_display": "0", "missing_lines": 1026, "excluded_lines": 15}}